<?xml version="1.0" encoding="UTF-8"?>
<testng-results skipped="0" failed="0" ignored="0" total="2" passed="2">
  <reporter-output>
  </reporter-output>
  <suite name="Suite" duration-ms="8697" started-at="2021-11-15T16:28:08Z" finished-at="2021-11-15T16:28:16Z">
    <groups>
    </groups>
    <test name="Test" duration-ms="8697" started-at="2021-11-15T16:28:08Z" finished-at="2021-11-15T16:28:16Z">
      <class name="TestClasses.MainTest">
        <test-method status="PASS" signature="launchURL()[pri:0, instance:TestClasses.MainTest@366ef90e]" name="launchURL" is-config="true" duration-ms="17790" started-at="2021-11-15T16:27:50Z" finished-at="2021-11-15T16:28:08Z">
          <reporter-output>
          </reporter-output>
        </test-method> <!-- launchURL -->
        <test-method status="PASS" signature="letsBegainButton()[pri:1, instance:TestClasses.MainTest@366ef90e]" name="letsBegainButton" duration-ms="1322" started-at="2021-11-15T16:28:08Z" finished-at="2021-11-15T16:28:09Z">
          <reporter-output>
          </reporter-output>
        </test-method> <!-- letsBegainButton -->
        <test-method status="PASS" signature="profileForCreateOpt()[pri:2, instance:TestClasses.MainTest@366ef90e]" name="profileForCreateOpt" duration-ms="6235" started-at="2021-11-15T16:28:10Z" finished-at="2021-11-15T16:28:16Z">
          <reporter-output>
          </reporter-output>
        </test-method> <!-- profileForCreateOpt -->
      </class> <!-- TestClasses.MainTest -->
    </test> <!-- Test -->
  </suite> <!-- Suite -->
</testng-results>
